<?xml version="1.0" encoding="UTF-8"?>
<testng-results ignored="0" total="4" passed="3" failed="1" skipped="0">
  <reporter-output>
    <line>
      <![CDATA[Apple iPhone 14 (128 GB) - Midnight is added to cart with quantity 1]]>
    </line>
    <line>
      <![CDATA[OnePlus Nord CE 2 Lite 5G (Black Dusk, 6GB RAM, 128GB Storage)    mobile price in amazon.in is ₹18,999]]>
    </line>
    <line>
      <![CDATA[OnePlus Nord CE 2 Lite 5G (Blue Tide, 6GB RAM, 128GB Storage)    mobile price in amazon.in is ₹18,999]]>
    </line>
    <line>
      <![CDATA[OnePlus Nord CE 3 Lite 5G (Pastel Lime, 8GB RAM, 128GB Storage)    mobile price in amazon.in is ₹18,999]]>
    </line>
    <line>
      <![CDATA[OnePlus Nord 2T 5G (Gray Shadow, 8GB RAM, 128GB Storage)    mobile price in amazon.in is ₹28,999]]>
    </line>
    <line>
      <![CDATA[OnePlus 11 5G (Titan Black, 16GB RAM, 256GB Storage)    mobile price in amazon.in is ₹61,999]]>
    </line>
    <line>
      <![CDATA[OnePlus 10R 5G (Forest Green, 12GB RAM, 256GB Storage, 80W SuperVOOC)    mobile price in amazon.in is ₹38,999]]>
    </line>
    <line>
      <![CDATA[OnePlus 10R 5G (Sierra Black, 8GB RAM, 128GB Storage, 80W SuperVOOC)    mobile price in amazon.in is ₹34,999]]>
    </line>
    <line>
      <![CDATA[OnePlus Nord 2T 5G (Jade Fog, 8GB RAM, 128GB Storage)    mobile price in amazon.in is ₹28,999]]>
    </line>
    <line>
      <![CDATA[OnePlus 10R 5G (Forest Green, 8GB RAM, 128GB Storage, 80W SuperVOOC)    mobile price in amazon.in is ₹34,999]]>
    </line>
    <line>
      <![CDATA[OnePlus Nord CE 3 Lite 5G (Chromatic Gray, 8GB RAM, 128GB Storage)    mobile price in amazon.in is ₹44,999]]>
    </line>
    <line>
      <![CDATA[OnePlus 11R 5G (Galactic Silver, 16GB RAM, 256GB Storage)    mobile price in amazon.in is ₹38,999]]>
    </line>
    <line>
      <![CDATA[OnePlus Nord CE 3 Lite 5G (Pastel Lime, 8GB RAM, 256GB Storage)    mobile price in amazon.in is ₹61,999]]>
    </line>
    <line>
      <![CDATA[OnePlus Nord CE 3 Lite 5G (Chromatic Gray, 8GB RAM, 256GB Storage)    mobile price in amazon.in is ₹34,999]]>
    </line>
    <line>
      <![CDATA[Newest arrival of fastrak watch is Fastrack New Limitless FS1 Smart Watch|Biggest 1.95" Horizon Curve Display|SingleSync BT Calling v5.3|Built-in Alexa|Upto 7 Day Battery|ATS Chipset with Zero Lag|100+ Sports Modes|150+ Watchfaces]]>
    </line>
    <line>
      <![CDATA[Unit price of the particular product is ₹ 2,495]]>
    </line>
  </reporter-output>
  <suite started-at="2023-04-25T17:05:39 IST" name="Suite" finished-at="2023-04-25T17:09:33 IST" duration-ms="234614">
    <groups>
    </groups>
    <test started-at="2023-04-25T17:05:39 IST" name="Test" finished-at="2023-04-25T17:09:33 IST" duration-ms="234614">
      <class name="Test_scripts.TS1_mobile">
        <test-method is-config="true" signature="launch_browser()[pri:0, instance:Test_scripts.TS1_mobile@66d3eec0]" started-at="2023-04-25T17:05:39 IST" name="launch_browser" finished-at="2023-04-25T17:05:50 IST" duration-ms="11119" status="PASS">
          <reporter-output>
          </reporter-output>
        </test-method> <!-- launch_browser -->
        <test-method signature="Iphone13_AddToCart()[pri:0, instance:Test_scripts.TS1_mobile@66d3eec0]" started-at="2023-04-25T17:05:50 IST" name="Iphone13_AddToCart" finished-at="2023-04-25T17:06:25 IST" duration-ms="35673" status="PASS">
          <reporter-output>
            <line>
              <![CDATA[Apple iPhone 14 (128 GB) - Midnight is added to cart with quantity 1]]>
            </line>
          </reporter-output>
        </test-method> <!-- Iphone13_AddToCart -->
        <test-method is-config="true" signature="closeapp(org.testng.ITestResult)[pri:0, instance:Test_scripts.TS1_mobile@66d3eec0]" started-at="2023-04-25T17:06:25 IST" name="closeapp" finished-at="2023-04-25T17:06:28 IST" duration-ms="2552" status="PASS">
          <params>
            <param index="0">
              <value>
                <![CDATA[[TestResult name=Iphone13_AddToCart status=SUCCESS method=TS1_mobile.Iphone13_AddToCart()[pri:0, instance:Test_scripts.TS1_mobile@66d3eec0] output=Apple iPhone 14 (128 GB) - Midnight is added to cart with quantity 1]]]>
              </value>
            </param>
          </params>
          <reporter-output>
          </reporter-output>
        </test-method> <!-- closeapp -->
        <test-method is-config="true" signature="launch_browser()[pri:0, instance:Test_scripts.TS1_mobile@66d3eec0]" started-at="2023-04-25T17:06:28 IST" name="launch_browser" finished-at="2023-04-25T17:06:42 IST" duration-ms="13774" status="PASS">
          <reporter-output>
          </reporter-output>
        </test-method> <!-- launch_browser -->
        <test-method signature="Oneplus_mobiles_prices()[pri:0, instance:Test_scripts.TS1_mobile@66d3eec0]" started-at="2023-04-25T17:06:42 IST" name="Oneplus_mobiles_prices" finished-at="2023-04-25T17:06:48 IST" duration-ms="6104" status="PASS">
          <reporter-output>
            <line>
              <![CDATA[OnePlus Nord CE 2 Lite 5G (Black Dusk, 6GB RAM, 128GB Storage)    mobile price in amazon.in is ₹18,999]]>
            </line>
            <line>
              <![CDATA[OnePlus Nord CE 2 Lite 5G (Blue Tide, 6GB RAM, 128GB Storage)    mobile price in amazon.in is ₹18,999]]>
            </line>
            <line>
              <![CDATA[OnePlus Nord CE 3 Lite 5G (Pastel Lime, 8GB RAM, 128GB Storage)    mobile price in amazon.in is ₹18,999]]>
            </line>
            <line>
              <![CDATA[OnePlus Nord 2T 5G (Gray Shadow, 8GB RAM, 128GB Storage)    mobile price in amazon.in is ₹28,999]]>
            </line>
            <line>
              <![CDATA[OnePlus 11 5G (Titan Black, 16GB RAM, 256GB Storage)    mobile price in amazon.in is ₹61,999]]>
            </line>
            <line>
              <![CDATA[OnePlus 10R 5G (Forest Green, 12GB RAM, 256GB Storage, 80W SuperVOOC)    mobile price in amazon.in is ₹38,999]]>
            </line>
            <line>
              <![CDATA[OnePlus 10R 5G (Sierra Black, 8GB RAM, 128GB Storage, 80W SuperVOOC)    mobile price in amazon.in is ₹34,999]]>
            </line>
            <line>
              <![CDATA[OnePlus Nord 2T 5G (Jade Fog, 8GB RAM, 128GB Storage)    mobile price in amazon.in is ₹28,999]]>
            </line>
            <line>
              <![CDATA[OnePlus 10R 5G (Forest Green, 8GB RAM, 128GB Storage, 80W SuperVOOC)    mobile price in amazon.in is ₹34,999]]>
            </line>
            <line>
              <![CDATA[OnePlus Nord CE 3 Lite 5G (Chromatic Gray, 8GB RAM, 128GB Storage)    mobile price in amazon.in is ₹44,999]]>
            </line>
            <line>
              <![CDATA[OnePlus 11R 5G (Galactic Silver, 16GB RAM, 256GB Storage)    mobile price in amazon.in is ₹38,999]]>
            </line>
            <line>
              <![CDATA[OnePlus Nord CE 3 Lite 5G (Pastel Lime, 8GB RAM, 256GB Storage)    mobile price in amazon.in is ₹61,999]]>
            </line>
            <line>
              <![CDATA[OnePlus Nord CE 3 Lite 5G (Chromatic Gray, 8GB RAM, 256GB Storage)    mobile price in amazon.in is ₹34,999]]>
            </line>
          </reporter-output>
        </test-method> <!-- Oneplus_mobiles_prices -->
        <test-method is-config="true" signature="closeapp(org.testng.ITestResult)[pri:0, instance:Test_scripts.TS1_mobile@66d3eec0]" started-at="2023-04-25T17:06:48 IST" name="closeapp" finished-at="2023-04-25T17:06:51 IST" duration-ms="3007" status="PASS">
          <params>
            <param index="0">
              <value>
                <![CDATA[[TestResult name=Oneplus_mobiles_prices status=SUCCESS method=TS1_mobile.Oneplus_mobiles_prices()[pri:0, instance:Test_scripts.TS1_mobile@66d3eec0] output=OnePlus Nord CE 2 Lite 5G (Black Dusk, 6GB RAM, 128GB Storage)    mobile price in amazon.in is ₹18,999]]]>
              </value>
            </param>
          </params>
          <reporter-output>
          </reporter-output>
        </test-method> <!-- closeapp -->
      </class> <!-- Test_scripts.TS1_mobile -->
      <class name="Test_scripts.TS2_fashion">
        <test-method is-config="true" signature="launch_browser()[pri:0, instance:Test_scripts.TS2_fashion@36916eb0]" started-at="2023-04-25T17:06:51 IST" name="launch_browser" finished-at="2023-04-25T17:07:20 IST" duration-ms="28846" status="PASS">
          <reporter-output>
          </reporter-output>
        </test-method> <!-- launch_browser -->
        <test-method signature="Newest_Fastrack_watch()[pri:0, instance:Test_scripts.TS2_fashion@36916eb0]" started-at="2023-04-25T17:07:20 IST" name="Newest_Fastrack_watch" finished-at="2023-04-25T17:07:43 IST" duration-ms="23615" status="PASS">
          <reporter-output>
            <line>
              <![CDATA[Newest arrival of fastrak watch is Fastrack New Limitless FS1 Smart Watch|Biggest 1.95" Horizon Curve Display|SingleSync BT Calling v5.3|Built-in Alexa|Upto 7 Day Battery|ATS Chipset with Zero Lag|100+ Sports Modes|150+ Watchfaces]]>
            </line>
            <line>
              <![CDATA[Unit price of the particular product is ₹ 2,495]]>
            </line>
          </reporter-output>
        </test-method> <!-- Newest_Fastrack_watch -->
        <test-method is-config="true" signature="closeapp(org.testng.ITestResult)[pri:0, instance:Test_scripts.TS2_fashion@36916eb0]" started-at="2023-04-25T17:07:43 IST" name="closeapp" finished-at="2023-04-25T17:07:46 IST" duration-ms="2806" status="PASS">
          <params>
            <param index="0">
              <value>
                <![CDATA[[TestResult name=Newest_Fastrack_watch status=SUCCESS method=TS2_fashion.Newest_Fastrack_watch()[pri:0, instance:Test_scripts.TS2_fashion@36916eb0] output=Newest arrival of fastrak watch is Fastrack New Limitless FS1 Smart Watch|Biggest 1.95" Horizon Curve Display|SingleSync BT Calling v5.3|Built-in Alexa|Upto 7 Day Battery|ATS Chipset with Zero Lag|100+ Sports Modes|150+ Watchfaces]]]>
              </value>
            </param>
          </params>
          <reporter-output>
          </reporter-output>
        </test-method> <!-- closeapp -->
        <test-method is-config="true" signature="launch_browser()[pri:0, instance:Test_scripts.TS2_fashion@36916eb0]" started-at="2023-04-25T17:07:46 IST" name="launch_browser" finished-at="2023-04-25T17:08:02 IST" duration-ms="15756" status="PASS">
          <reporter-output>
          </reporter-output>
        </test-method> <!-- launch_browser -->
        <test-method signature="Random_FT()[pri:0, instance:Test_scripts.TS2_fashion@36916eb0]" started-at="2023-04-25T17:08:02 IST" name="Random_FT" finished-at="2023-04-25T17:09:28 IST" duration-ms="86625" status="FAIL">
          <exception class="org.openqa.selenium.TimeoutException">
            <message>
              <![CDATA[Expected condition failed: waiting for element to be clickable: [[FirefoxDriver: firefox on WINDOWS (a6f5b78b-7ee6-4ec1-bf9c-470c89ee5cb3)] -> xpath: //a[@href='/gp/browse.html?node=6648217031&ref_=nav_cs_fashion']] (tried for 10 second(s) with 500 milliseconds interval)
Build info: version: '3.141.59', revision: 'e82be7d358', time: '2018-11-14T08:25:53'
System info: host: 'DESKTOP-2978KLT', ip: '192.168.2.43', os.name: 'Windows 10', os.arch: 'amd64', os.version: '10.0', java.version: '17.0.4.1'
Driver info: org.openqa.selenium.firefox.FirefoxDriver
Capabilities {acceptInsecureCerts: true, browserName: firefox, browserVersion: 112.0.1, javascriptEnabled: true, moz:accessibilityChecks: false, moz:buildID: 20230414125621, moz:geckodriverVersion: 0.31.0, moz:headless: false, moz:platformVersion: 10.0, moz:processID: 18040, moz:profile: C:\Users\Admin\AppData\Loca..., moz:shutdownTimeout: 60000, moz:useNonSpecCompliantPointerOrigin: false, moz:webdriverClick: true, moz:windowless: false, pageLoadStrategy: normal, platform: WINDOWS, platformName: WINDOWS, proxy: Proxy(), setWindowRect: true, strictFileInteractability: false, timeouts: {implicit: 0, pageLoad: 300000, script: 30000}, unhandledPromptBehavior: dismiss and notify}
Session ID: a6f5b78b-7ee6-4ec1-bf9c-470c89ee5cb3]]>
            </message>
            <full-stacktrace>
              <![CDATA[org.openqa.selenium.TimeoutException: Expected condition failed: waiting for element to be clickable: [[FirefoxDriver: firefox on WINDOWS (a6f5b78b-7ee6-4ec1-bf9c-470c89ee5cb3)] -> xpath: //a[@href='/gp/browse.html?node=6648217031&ref_=nav_cs_fashion']] (tried for 10 second(s) with 500 milliseconds interval)
Build info: version: '3.141.59', revision: 'e82be7d358', time: '2018-11-14T08:25:53'
System info: host: 'DESKTOP-2978KLT', ip: '192.168.2.43', os.name: 'Windows 10', os.arch: 'amd64', os.version: '10.0', java.version: '17.0.4.1'
Driver info: org.openqa.selenium.firefox.FirefoxDriver
Capabilities {acceptInsecureCerts: true, browserName: firefox, browserVersion: 112.0.1, javascriptEnabled: true, moz:accessibilityChecks: false, moz:buildID: 20230414125621, moz:geckodriverVersion: 0.31.0, moz:headless: false, moz:platformVersion: 10.0, moz:processID: 18040, moz:profile: C:\Users\Admin\AppData\Loca..., moz:shutdownTimeout: 60000, moz:useNonSpecCompliantPointerOrigin: false, moz:webdriverClick: true, moz:windowless: false, pageLoadStrategy: normal, platform: WINDOWS, platformName: WINDOWS, proxy: Proxy(), setWindowRect: true, strictFileInteractability: false, timeouts: {implicit: 0, pageLoad: 300000, script: 30000}, unhandledPromptBehavior: dismiss and notify}
Session ID: a6f5b78b-7ee6-4ec1-bf9c-470c89ee5cb3
at org.openqa.selenium.support.ui.WebDriverWait.timeoutException(WebDriverWait.java:95)
at org.openqa.selenium.support.ui.FluentWait.until(FluentWait.java:272)
at Test_scripts.TS2_fashion.Random_FT(TS2_fashion.java:84)
at java.base/jdk.internal.reflect.NativeMethodAccessorImpl.invoke0(Native Method)
at java.base/jdk.internal.reflect.NativeMethodAccessorImpl.invoke(NativeMethodAccessorImpl.java:77)
at java.base/jdk.internal.reflect.DelegatingMethodAccessorImpl.invoke(DelegatingMethodAccessorImpl.java:43)
at java.base/java.lang.reflect.Method.invoke(Method.java:568)
at org.testng.internal.invokers.MethodInvocationHelper.invokeMethod(MethodInvocationHelper.java:139)
at org.testng.internal.invokers.TestInvoker.invokeMethod(TestInvoker.java:677)
at org.testng.internal.invokers.TestInvoker.invokeTestMethod(TestInvoker.java:221)
at org.testng.internal.invokers.MethodRunner.runInSequence(MethodRunner.java:50)
at org.testng.internal.invokers.TestInvoker$MethodInvocationAgent.invoke(TestInvoker.java:962)
at org.testng.internal.invokers.TestInvoker.invokeTestMethods(TestInvoker.java:194)
at org.testng.internal.invokers.TestMethodWorker.invokeTestMethods(TestMethodWorker.java:148)
at org.testng.internal.invokers.TestMethodWorker.run(TestMethodWorker.java:128)
at java.base/java.util.ArrayList.forEach(ArrayList.java:1511)
at org.testng.TestRunner.privateRun(TestRunner.java:806)
at org.testng.TestRunner.run(TestRunner.java:601)
at org.testng.SuiteRunner.runTest(SuiteRunner.java:433)
at org.testng.SuiteRunner.runSequentially(SuiteRunner.java:427)
at org.testng.SuiteRunner.privateRun(SuiteRunner.java:387)
at org.testng.SuiteRunner.run(SuiteRunner.java:330)
at org.testng.SuiteRunnerWorker.runSuite(SuiteRunnerWorker.java:52)
at org.testng.SuiteRunnerWorker.run(SuiteRunnerWorker.java:95)
at org.testng.TestNG.runSuitesSequentially(TestNG.java:1256)
at org.testng.TestNG.runSuitesLocally(TestNG.java:1176)
at org.testng.TestNG.runSuites(TestNG.java:1099)
at org.testng.TestNG.run(TestNG.java:1067)
at org.testng.remote.AbstractRemoteTestNG.run(AbstractRemoteTestNG.java:115)
at org.testng.remote.RemoteTestNG.initAndRun(RemoteTestNG.java:251)
at org.testng.remote.RemoteTestNG.main(RemoteTestNG.java:77)
]]>
            </full-stacktrace>
          </exception> <!-- org.openqa.selenium.TimeoutException -->
          <reporter-output>
          </reporter-output>
        </test-method> <!-- Random_FT -->
        <test-method is-config="true" signature="closeapp(org.testng.ITestResult)[pri:0, instance:Test_scripts.TS2_fashion@36916eb0]" started-at="2023-04-25T17:09:29 IST" name="closeapp" finished-at="2023-04-25T17:09:33 IST" duration-ms="4648" status="PASS">
          <params>
            <param index="0">
              <value>
                <![CDATA[[TestResult name=Random_FT status=FAILURE method=TS2_fashion.Random_FT()[pri:0, instance:Test_scripts.TS2_fashion@36916eb0] output={null}]]]>
              </value>
            </param>
          </params>
          <reporter-output>
          </reporter-output>
        </test-method> <!-- closeapp -->
      </class> <!-- Test_scripts.TS2_fashion -->
    </test> <!-- Test -->
  </suite> <!-- Suite -->
</testng-results>
